Arguments: 
  /usr/local/bin/node /usr/local/bin/yarn

PATH: 
  /usr/local/bin:/usr/bin:/bin:/usr/sbin:/sbin:/Users/mac/.yarn/bin

Yarn version: 
  1.22.10

Node version: 
  12.18.4

Platform: 
  darwin x64

Trace: 
  Error: https://registry.npm.taobao.org/@typescript-eslint: Request "https://registry.npm.taobao.org/@typescript-eslint" returned a 405
      at Request.params.callback [as _callback] (/usr/local/lib/node_modules/yarn/lib/cli.js:66997:18)
      at Request.self.callback (/usr/local/lib/node_modules/yarn/lib/cli.js:140662:22)
      at Request.emit (events.js:315:20)
      at Request.<anonymous> (/usr/local/lib/node_modules/yarn/lib/cli.js:141634:10)
      at Request.emit (events.js:315:20)
      at IncomingMessage.<anonymous> (/usr/local/lib/node_modules/yarn/lib/cli.js:141556:12)
      at Object.onceWrapper (events.js:421:28)
      at IncomingMessage.emit (events.js:327:22)
      at endReadableNT (_stream_readable.js:1220:12)
      at processTicksAndRejections (internal/process/task_queues.js:84:21)

npm manifest: 
  {
    "name": "vue-app-base",
    "version": "0.1.0",
    "private": true,
    "scripts": {
      "serve": "webpack-dev-server --config webpack.dev.js --hot ",
      "build": "webpack --config webpack.prod.js",
      "lint": "yarn eslint --ext src/**/*.js --ext src/**/*.vue --fix --config .eslintrc.js"
    },
    "dependencies": {
      "core-js": "^3.6.5",
      "vue": "^2.6.11"
    },
    "devDependencies": {
      "@typescript-eslint/eslint-plugin": "^4.6.1",
      "@typescript-eslint": "^4.6.1",
      "@vue/cli-plugin-babel": "4.5.8",
      "clean-webpack-plugin": "3.0.0",
      "copy-webpack-plugin": "5.1.1",
      "css-loader": "4.1.1",
      "eslint": "^7.13.0",
      "eslint-config-standard": "^16.0.1",
      "eslint-loader": "^4.0.2",
      "eslint-plugin-import": "^2.22.1",
      "eslint-plugin-node": "^11.1.0",
      "eslint-plugin-promise": "^4.2.1",
      "eslint-plugin-vue": "^7.1.0",
      "file-loader": "4.3.0",
      "html-webpack-plugin": "4.5.0",
      "less": "3.12.2",
      "less-loader": "7.0.2",
      "mini-css-extract-plugin": "^1.3.0",
      "optimize-css-assets-webpack-plugin": "^5.0.4",
      "style-loader": "2.0.0",
      "typescript": "^4.0.5",
      "url-loader": "4.1.1",
      "vue-loader": "15.9.5",
      "vue-template-compiler": "2.6.12",
      "webpack": "4.32.2",
      "webpack-cli": "3.3.2",
      "webpack-dev-server": "3.5.1",
      "webpack-merge": "5.3.0"
    },
    "eslintConfig": {
      "root": true,
      "env": {
        "node": true
      },
      "extends": [
        "plugin:vue/essential",
        "eslint:recommended"
      ],
      "parserOptions": {
        "parser": "babel-eslint"
      },
      "rules": {}
    },
    "browserslist": [
      "> 1%",
      "last 2 versions",
      "not dead"
    ]
  }

yarn manifest: 
  No manifest

Lockfile: 
  No lockfile
